Determining if the pthread_create exist failed with the following output:
Change Dir: /home/chenlee/robot_navigation/build/CMakeFiles/CMakeTmp

Run Build Command:/usr/bin/make "cmTryCompileExec610949711/fast"
/usr/bin/make -f CMakeFiles/cmTryCompileExec610949711.dir/build.make CMakeFiles/cmTryCompileExec610949711.dir/build
make[1]: 正在进入目录 `/home/chenlee/robot_navigation/build/CMakeFiles/CMakeTmp'
/usr/bin/cmake -E cmake_progress_report /home/chenlee/robot_navigation/build/CMakeFiles/CMakeTmp/CMakeFiles 1
Building C object CMakeFiles/cmTryCompileExec610949711.dir/CheckSymbolExists.c.o
/usr/bin/cc    -o CMakeFiles/cmTryCompileExec610949711.dir/CheckSymbolExists.c.o   -c /home/chenlee/robot_navigation/build/CMakeFiles/CMakeTmp/CheckSymbolExists.c
Linking C executable cmTryCompileExec610949711
/usr/bin/cmake -E cmake_link_script CMakeFiles/cmTryCompileExec610949711.dir/link.txt --verbose=1
/usr/bin/cc       CMakeFiles/cmTryCompileExec610949711.dir/CheckSymbolExists.c.o  -o cmTryCompileExec610949711 -rdynamic 
CMakeFiles/cmTryCompileExec610949711.dir/CheckSymbolExists.c.o：在函数‘main’中：
CheckSymbolExists.c:(.text+0x16)：对‘pthread_create’未定义的引用
collect2: error: ld returned 1 exit status
make[1]: *** [cmTryCompileExec610949711] 错误 1
make[1]:正在离开目录 `/home/chenlee/robot_navigation/build/CMakeFiles/CMakeTmp'
make: *** [cmTryCompileExec610949711/fast] 错误 2

File /home/chenlee/robot_navigation/build/CMakeFiles/CMakeTmp/CheckSymbolExists.c:
/* */
#include <pthread.h>

int main(int argc, char** argv)
{
  (void)argv;
#ifndef pthread_create
  return ((int*)(&pthread_create))[argc];
#else
  (void)argc;
  return 0;
#endif
}

Determining if the function pthread_create exists in the pthreads failed with the following output:
Change Dir: /home/chenlee/robot_navigation/build/CMakeFiles/CMakeTmp

Run Build Command:/usr/bin/make "cmTryCompileExec1344581278/fast"
/usr/bin/make -f CMakeFiles/cmTryCompileExec1344581278.dir/build.make CMakeFiles/cmTryCompileExec1344581278.dir/build
make[1]: 正在进入目录 `/home/chenlee/robot_navigation/build/CMakeFiles/CMakeTmp'
/usr/bin/cmake -E cmake_progress_report /home/chenlee/robot_navigation/build/CMakeFiles/CMakeTmp/CMakeFiles 1
Building C object CMakeFiles/cmTryCompileExec1344581278.dir/CheckFunctionExists.c.o
/usr/bin/cc   -DCHECK_FUNCTION_EXISTS=pthread_create   -o CMakeFiles/cmTryCompileExec1344581278.dir/CheckFunctionExists.c.o   -c /usr/share/cmake-2.8/Modules/CheckFunctionExists.c
Linking C executable cmTryCompileExec1344581278
/usr/bin/cmake -E cmake_link_script CMakeFiles/cmTryCompileExec1344581278.dir/link.txt --verbose=1
/usr/bin/cc   -DCHECK_FUNCTION_EXISTS=pthread_create    CMakeFiles/cmTryCompileExec1344581278.dir/CheckFunctionExists.c.o  -o cmTryCompileExec1344581278 -rdynamic -lpthreads 
/usr/bin/ld: 找不到 -lpthreads
collect2: error: ld returned 1 exit status
make[1]: *** [cmTryCompileExec1344581278] 错误 1
make[1]:正在离开目录 `/home/chenlee/robot_navigation/build/CMakeFiles/CMakeTmp'
make: *** [cmTryCompileExec1344581278/fast] 错误 2


